0 info it worked if it ends with ok
1 verbose cli [ 'node', '/usr/local/bin/npm', 'install' ]
2 info using npm@1.4.28
3 info using node@v0.10.32
4 warn package.json myapp@1.0.0 No repository field.
5 warn package.json myapp@1.0.0 No README data
6 verbose readDependencies using package.json deps
7 verbose install where, deps [ '/Users/emilymacleod/Desktop/myApp',
7 verbose install   [ 'gulp',
7 verbose install     'gulp-sass',
7 verbose install     'gulp-concat',
7 verbose install     'gulp-minify-css',
7 verbose install     'gulp-rename',
7 verbose install     'bower',
7 verbose install     'gulp-util',
7 verbose install     'shelljs' ] ]
8 info preinstall myapp@1.0.0
9 verbose readDependencies using package.json deps
10 verbose already installed skipping gulp@^3.5.6 /Users/emilymacleod/Desktop/myApp
11 verbose cache add [ 'gulp-sass@^0.7.1', null ]
12 verbose cache add name=undefined spec="gulp-sass@^0.7.1" args=["gulp-sass@^0.7.1",null]
13 verbose parsed url { protocol: null,
13 verbose parsed url   slashes: null,
13 verbose parsed url   auth: null,
13 verbose parsed url   host: null,
13 verbose parsed url   port: null,
13 verbose parsed url   hostname: null,
13 verbose parsed url   hash: null,
13 verbose parsed url   search: null,
13 verbose parsed url   query: null,
13 verbose parsed url   pathname: 'gulp-sass@^0.7.1',
13 verbose parsed url   path: 'gulp-sass@^0.7.1',
13 verbose parsed url   href: 'gulp-sass@^0.7.1' }
14 verbose cache add [ 'gulp-concat@^2.2.0', null ]
15 verbose cache add name=undefined spec="gulp-concat@^2.2.0" args=["gulp-concat@^2.2.0",null]
16 verbose parsed url { protocol: null,
16 verbose parsed url   slashes: null,
16 verbose parsed url   auth: null,
16 verbose parsed url   host: null,
16 verbose parsed url   port: null,
16 verbose parsed url   hostname: null,
16 verbose parsed url   hash: null,
16 verbose parsed url   search: null,
16 verbose parsed url   query: null,
16 verbose parsed url   pathname: 'gulp-concat@^2.2.0',
16 verbose parsed url   path: 'gulp-concat@^2.2.0',
16 verbose parsed url   href: 'gulp-concat@^2.2.0' }
17 verbose cache add name="gulp-sass" spec="^0.7.1" args=["gulp-sass","^0.7.1"]
18 verbose parsed url { protocol: null,
18 verbose parsed url   slashes: null,
18 verbose parsed url   auth: null,
18 verbose parsed url   host: null,
18 verbose parsed url   port: null,
18 verbose parsed url   hostname: null,
18 verbose parsed url   hash: null,
18 verbose parsed url   search: null,
18 verbose parsed url   query: null,
18 verbose parsed url   pathname: '^0.7.1',
18 verbose parsed url   path: '^0.7.1',
18 verbose parsed url   href: '^0.7.1' }
19 verbose addNamed [ 'gulp-sass', '^0.7.1' ]
20 verbose addNamed [ null, '>=0.7.1-0 <0.8.0-0' ]
21 verbose cache add [ 'gulp-minify-css@^0.3.0', null ]
22 verbose cache add name=undefined spec="gulp-minify-css@^0.3.0" args=["gulp-minify-css@^0.3.0",null]
23 verbose parsed url { protocol: null,
23 verbose parsed url   slashes: null,
23 verbose parsed url   auth: null,
23 verbose parsed url   host: null,
23 verbose parsed url   port: null,
23 verbose parsed url   hostname: null,
23 verbose parsed url   hash: null,
23 verbose parsed url   search: null,
23 verbose parsed url   query: null,
23 verbose parsed url   pathname: 'gulp-minify-css@^0.3.0',
23 verbose parsed url   path: 'gulp-minify-css@^0.3.0',
23 verbose parsed url   href: 'gulp-minify-css@^0.3.0' }
24 verbose cache add name="gulp-concat" spec="^2.2.0" args=["gulp-concat","^2.2.0"]
25 verbose parsed url { protocol: null,
25 verbose parsed url   slashes: null,
25 verbose parsed url   auth: null,
25 verbose parsed url   host: null,
25 verbose parsed url   port: null,
25 verbose parsed url   hostname: null,
25 verbose parsed url   hash: null,
25 verbose parsed url   search: null,
25 verbose parsed url   query: null,
25 verbose parsed url   pathname: '^2.2.0',
25 verbose parsed url   path: '^2.2.0',
25 verbose parsed url   href: '^2.2.0' }
26 verbose addNamed [ 'gulp-concat', '^2.2.0' ]
27 verbose addNamed [ null, '>=2.2.0-0 <3.0.0-0' ]
28 silly lockFile 77100620-gulp-sass-0-7-1 gulp-sass@^0.7.1
29 verbose lock gulp-sass@^0.7.1 /Users/emilymacleod/.npm/77100620-gulp-sass-0-7-1.lock
30 silly lockFile bade1119-gulp-concat-2-2-0 gulp-concat@^2.2.0
31 verbose lock gulp-concat@^2.2.0 /Users/emilymacleod/.npm/bade1119-gulp-concat-2-2-0.lock
32 verbose cache add [ 'gulp-rename@^1.2.0', null ]
33 verbose cache add name=undefined spec="gulp-rename@^1.2.0" args=["gulp-rename@^1.2.0",null]
34 verbose parsed url { protocol: null,
34 verbose parsed url   slashes: null,
34 verbose parsed url   auth: null,
34 verbose parsed url   host: null,
34 verbose parsed url   port: null,
34 verbose parsed url   hostname: null,
34 verbose parsed url   hash: null,
34 verbose parsed url   search: null,
34 verbose parsed url   query: null,
34 verbose parsed url   pathname: 'gulp-rename@^1.2.0',
34 verbose parsed url   path: 'gulp-rename@^1.2.0',
34 verbose parsed url   href: 'gulp-rename@^1.2.0' }
35 verbose cache add name="gulp-minify-css" spec="^0.3.0" args=["gulp-minify-css","^0.3.0"]
36 verbose parsed url { protocol: null,
36 verbose parsed url   slashes: null,
36 verbose parsed url   auth: null,
36 verbose parsed url   host: null,
36 verbose parsed url   port: null,
36 verbose parsed url   hostname: null,
36 verbose parsed url   hash: null,
36 verbose parsed url   search: null,
36 verbose parsed url   query: null,
36 verbose parsed url   pathname: '^0.3.0',
36 verbose parsed url   path: '^0.3.0',
36 verbose parsed url   href: '^0.3.0' }
37 verbose addNamed [ 'gulp-minify-css', '^0.3.0' ]
38 verbose addNamed [ null, '>=0.3.0-0 <0.4.0-0' ]
39 silly lockFile 97140670-gulp-minify-css-0-3-0 gulp-minify-css@^0.3.0
40 verbose lock gulp-minify-css@^0.3.0 /Users/emilymacleod/.npm/97140670-gulp-minify-css-0-3-0.lock
41 verbose cache add [ 'bower@^1.3.3', null ]
42 verbose cache add name=undefined spec="bower@^1.3.3" args=["bower@^1.3.3",null]
43 verbose parsed url { protocol: null,
43 verbose parsed url   slashes: null,
43 verbose parsed url   auth: null,
43 verbose parsed url   host: null,
43 verbose parsed url   port: null,
43 verbose parsed url   hostname: null,
43 verbose parsed url   hash: null,
43 verbose parsed url   search: null,
43 verbose parsed url   query: null,
43 verbose parsed url   pathname: 'bower@^1.3.3',
43 verbose parsed url   path: 'bower@^1.3.3',
43 verbose parsed url   href: 'bower@^1.3.3' }
44 verbose cache add name="gulp-rename" spec="^1.2.0" args=["gulp-rename","^1.2.0"]
45 verbose parsed url { protocol: null,
45 verbose parsed url   slashes: null,
45 verbose parsed url   auth: null,
45 verbose parsed url   host: null,
45 verbose parsed url   port: null,
45 verbose parsed url   hostname: null,
45 verbose parsed url   hash: null,
45 verbose parsed url   search: null,
45 verbose parsed url   query: null,
45 verbose parsed url   pathname: '^1.2.0',
45 verbose parsed url   path: '^1.2.0',
45 verbose parsed url   href: '^1.2.0' }
46 verbose addNamed [ 'gulp-rename', '^1.2.0' ]
47 verbose addNamed [ null, '>=1.2.0-0 <2.0.0-0' ]
48 silly lockFile 31cef36d-gulp-rename-1-2-0 gulp-rename@^1.2.0
49 verbose lock gulp-rename@^1.2.0 /Users/emilymacleod/.npm/31cef36d-gulp-rename-1-2-0.lock
50 silly addNameRange { name: 'gulp-sass',
50 silly addNameRange   range: '>=0.7.1-0 <0.8.0-0',
50 silly addNameRange   hasData: false }
51 silly addNameRange { name: 'gulp-concat',
51 silly addNameRange   range: '>=2.2.0-0 <3.0.0-0',
51 silly addNameRange   hasData: false }
52 verbose cache add [ 'gulp-util@^2.2.14', null ]
53 verbose cache add name=undefined spec="gulp-util@^2.2.14" args=["gulp-util@^2.2.14",null]
54 verbose parsed url { protocol: null,
54 verbose parsed url   slashes: null,
54 verbose parsed url   auth: null,
54 verbose parsed url   host: null,
54 verbose parsed url   port: null,
54 verbose parsed url   hostname: null,
54 verbose parsed url   hash: null,
54 verbose parsed url   search: null,
54 verbose parsed url   query: null,
54 verbose parsed url   pathname: 'gulp-util@^2.2.14',
54 verbose parsed url   path: 'gulp-util@^2.2.14',
54 verbose parsed url   href: 'gulp-util@^2.2.14' }
55 verbose cache add [ 'shelljs@^0.3.0', null ]
56 verbose cache add name=undefined spec="shelljs@^0.3.0" args=["shelljs@^0.3.0",null]
57 verbose parsed url { protocol: null,
57 verbose parsed url   slashes: null,
57 verbose parsed url   auth: null,
57 verbose parsed url   host: null,
57 verbose parsed url   port: null,
57 verbose parsed url   hostname: null,
57 verbose parsed url   hash: null,
57 verbose parsed url   search: null,
57 verbose parsed url   query: null,
57 verbose parsed url   pathname: 'shelljs@^0.3.0',
57 verbose parsed url   path: 'shelljs@^0.3.0',
57 verbose parsed url   href: 'shelljs@^0.3.0' }
58 verbose cache add name="bower" spec="^1.3.3" args=["bower","^1.3.3"]
59 verbose parsed url { protocol: null,
59 verbose parsed url   slashes: null,
59 verbose parsed url   auth: null,
59 verbose parsed url   host: null,
59 verbose parsed url   port: null,
59 verbose parsed url   hostname: null,
59 verbose parsed url   hash: null,
59 verbose parsed url   search: null,
59 verbose parsed url   query: null,
59 verbose parsed url   pathname: '^1.3.3',
59 verbose parsed url   path: '^1.3.3',
59 verbose parsed url   href: '^1.3.3' }
60 verbose addNamed [ 'bower', '^1.3.3' ]
61 verbose addNamed [ null, '>=1.3.3-0 <2.0.0-0' ]
62 silly lockFile 0aa5c27e-bower-1-3-3 bower@^1.3.3
63 verbose lock bower@^1.3.3 /Users/emilymacleod/.npm/0aa5c27e-bower-1-3-3.lock
64 silly addNameRange { name: 'gulp-minify-css',
64 silly addNameRange   range: '>=0.3.0-0 <0.4.0-0',
64 silly addNameRange   hasData: false }
65 verbose cache add name="gulp-util" spec="^2.2.14" args=["gulp-util","^2.2.14"]
66 verbose parsed url { protocol: null,
66 verbose parsed url   slashes: null,
66 verbose parsed url   auth: null,
66 verbose parsed url   host: null,
66 verbose parsed url   port: null,
66 verbose parsed url   hostname: null,
66 verbose parsed url   hash: null,
66 verbose parsed url   search: null,
66 verbose parsed url   query: null,
66 verbose parsed url   pathname: '^2.2.14',
66 verbose parsed url   path: '^2.2.14',
66 verbose parsed url   href: '^2.2.14' }
67 verbose addNamed [ 'gulp-util', '^2.2.14' ]
68 verbose addNamed [ null, '>=2.2.14-0 <3.0.0-0' ]
69 silly lockFile e3e5f16b-gulp-util-2-2-14 gulp-util@^2.2.14
70 verbose lock gulp-util@^2.2.14 /Users/emilymacleod/.npm/e3e5f16b-gulp-util-2-2-14.lock
71 verbose cache add name="shelljs" spec="^0.3.0" args=["shelljs","^0.3.0"]
72 verbose parsed url { protocol: null,
72 verbose parsed url   slashes: null,
72 verbose parsed url   auth: null,
72 verbose parsed url   host: null,
72 verbose parsed url   port: null,
72 verbose parsed url   hostname: null,
72 verbose parsed url   hash: null,
72 verbose parsed url   search: null,
72 verbose parsed url   query: null,
72 verbose parsed url   pathname: '^0.3.0',
72 verbose parsed url   path: '^0.3.0',
72 verbose parsed url   href: '^0.3.0' }
73 verbose addNamed [ 'shelljs', '^0.3.0' ]
74 verbose addNamed [ null, '>=0.3.0-0 <0.4.0-0' ]
75 silly lockFile 1ddaa962-shelljs-0-3-0 shelljs@^0.3.0
76 verbose lock shelljs@^0.3.0 /Users/emilymacleod/.npm/1ddaa962-shelljs-0-3-0.lock
77 silly addNameRange { name: 'gulp-rename',
77 silly addNameRange   range: '>=1.2.0-0 <2.0.0-0',
77 silly addNameRange   hasData: false }
78 silly addNameRange { name: 'bower', range: '>=1.3.3-0 <2.0.0-0', hasData: false }
79 silly addNameRange { name: 'gulp-util',
79 silly addNameRange   range: '>=2.2.14-0 <3.0.0-0',
79 silly addNameRange   hasData: false }
80 silly addNameRange { name: 'shelljs', range: '>=0.3.0-0 <0.4.0-0', hasData: false }
81 verbose request where is /gulp-sass
82 verbose request registry https://registry.npmjs.org/
83 verbose request id 80ba42656bab38a0
84 verbose url raw /gulp-sass
85 verbose url resolving [ 'https://registry.npmjs.org/', './gulp-sass' ]
86 verbose url resolved https://registry.npmjs.org/gulp-sass
87 verbose request where is https://registry.npmjs.org/gulp-sass
88 info trying registry request attempt 1 at 13:00:45
89 verbose etag "85MJGNKZGK0FPTLSD38G3AB7N"
90 http GET https://registry.npmjs.org/gulp-sass
91 verbose request where is /gulp-concat
92 verbose request registry https://registry.npmjs.org/
93 verbose url raw /gulp-concat
94 verbose url resolving [ 'https://registry.npmjs.org/', './gulp-concat' ]
95 verbose url resolved https://registry.npmjs.org/gulp-concat
96 verbose request where is https://registry.npmjs.org/gulp-concat
97 info trying registry request attempt 1 at 13:00:45
98 verbose etag "ECV4QCK20QJ4GJP4VVSQQFMS6"
99 http GET https://registry.npmjs.org/gulp-concat
100 verbose request where is /gulp-minify-css
101 verbose request registry https://registry.npmjs.org/
102 verbose url raw /gulp-minify-css
103 verbose url resolving [ 'https://registry.npmjs.org/', './gulp-minify-css' ]
104 verbose url resolved https://registry.npmjs.org/gulp-minify-css
105 verbose request where is https://registry.npmjs.org/gulp-minify-css
106 info trying registry request attempt 1 at 13:00:45
107 verbose etag "3MXMWONH4HH6L9NQCY3S9UTIL"
108 http GET https://registry.npmjs.org/gulp-minify-css
109 verbose request where is /gulp-rename
110 verbose request registry https://registry.npmjs.org/
111 verbose url raw /gulp-rename
112 verbose url resolving [ 'https://registry.npmjs.org/', './gulp-rename' ]
113 verbose url resolved https://registry.npmjs.org/gulp-rename
114 verbose request where is https://registry.npmjs.org/gulp-rename
115 info trying registry request attempt 1 at 13:00:45
116 verbose etag "A74K1BT6222QOOITQTDDB5O0J"
117 http GET https://registry.npmjs.org/gulp-rename
118 verbose request where is /gulp-util
119 verbose request registry https://registry.npmjs.org/
120 verbose url raw /gulp-util
121 verbose url resolving [ 'https://registry.npmjs.org/', './gulp-util' ]
122 verbose url resolved https://registry.npmjs.org/gulp-util
123 verbose request where is https://registry.npmjs.org/gulp-util
124 info trying registry request attempt 1 at 13:00:45
125 verbose etag "DANZF0D18ACKV9IBK4HYUJJ6Y"
126 http GET https://registry.npmjs.org/gulp-util
127 verbose request where is /bower
128 verbose request registry https://registry.npmjs.org/
129 verbose url raw /bower
130 verbose url resolving [ 'https://registry.npmjs.org/', './bower' ]
131 verbose url resolved https://registry.npmjs.org/bower
132 verbose request where is https://registry.npmjs.org/bower
133 info trying registry request attempt 1 at 13:00:45
134 verbose etag "SFVEO1LEUVYUQ1HHU8BTQ3D8"
135 http GET https://registry.npmjs.org/bower
136 verbose request where is /shelljs
137 verbose request registry https://registry.npmjs.org/
138 verbose url raw /shelljs
139 verbose url resolving [ 'https://registry.npmjs.org/', './shelljs' ]
140 verbose url resolved https://registry.npmjs.org/shelljs
141 verbose request where is https://registry.npmjs.org/shelljs
142 info trying registry request attempt 1 at 13:00:45
143 verbose etag "3USLV7LWLZIN3QM2VB75RERYU"
144 http GET https://registry.npmjs.org/shelljs
145 http 304 https://registry.npmjs.org/gulp-minify-css
146 silly registry.get cb [ 304,
146 silly registry.get   { date: 'Tue, 27 Jan 2015 17:00:41 GMT',
146 silly registry.get     server: 'Apache',
146 silly registry.get     via: '1.1 varnish',
146 silly registry.get     'last-modified': 'Tue, 27 Jan 2015 17:00:41 GMT',
146 silly registry.get     'cache-control': 'max-age=60',
146 silly registry.get     etag: '"3MXMWONH4HH6L9NQCY3S9UTIL"',
146 silly registry.get     age: '49',
146 silly registry.get     'x-served-by': 'cache-jfk1029-JFK',
146 silly registry.get     'x-cache': 'HIT',
146 silly registry.get     'x-cache-hits': '1',
146 silly registry.get     'x-timer': 'S1422378041.969226,VS0,VE0',
146 silly registry.get     vary: 'Accept',
146 silly registry.get     'content-length': '0',
146 silly registry.get     'keep-alive': 'timeout=10, max=50',
146 silly registry.get     connection: 'Keep-Alive' } ]
147 verbose etag https://registry.npmjs.org/gulp-minify-css from cache
148 http 304 https://registry.npmjs.org/gulp-concat
149 silly registry.get cb [ 304,
149 silly registry.get   { date: 'Tue, 27 Jan 2015 17:00:41 GMT',
149 silly registry.get     server: 'Apache',
149 silly registry.get     via: '1.1 varnish',
149 silly registry.get     'last-modified': 'Tue, 27 Jan 2015 16:59:56 GMT',
149 silly registry.get     'cache-control': 'max-age=60',
149 silly registry.get     etag: '"ECV4QCK20QJ4GJP4VVSQQFMS6"',
149 silly registry.get     age: '49',
149 silly registry.get     'x-served-by': 'cache-jfk1027-JFK',
149 silly registry.get     'x-cache': 'HIT',
149 silly registry.get     'x-cache-hits': '2',
149 silly registry.get     'x-timer': 'S1422378041.975381,VS0,VE0',
149 silly registry.get     vary: 'Accept',
149 silly registry.get     'content-length': '0',
149 silly registry.get     'keep-alive': 'timeout=10, max=50',
149 silly registry.get     connection: 'Keep-Alive' } ]
150 verbose etag https://registry.npmjs.org/gulp-concat from cache
151 http 304 https://registry.npmjs.org/gulp-util
152 silly registry.get cb [ 304,
152 silly registry.get   { date: 'Tue, 27 Jan 2015 17:00:41 GMT',
152 silly registry.get     server: 'Apache',
152 silly registry.get     via: '1.1 varnish',
152 silly registry.get     'last-modified': 'Tue, 27 Jan 2015 17:00:41 GMT',
152 silly registry.get     'cache-control': 'max-age=60',
152 silly registry.get     etag: '"DANZF0D18ACKV9IBK4HYUJJ6Y"',
152 silly registry.get     age: '26',
152 silly registry.get     'x-served-by': 'cache-jfk1021-JFK',
152 silly registry.get     'x-cache': 'HIT',
152 silly registry.get     'x-cache-hits': '1',
152 silly registry.get     'x-timer': 'S1422378041.981622,VS0,VE0',
152 silly registry.get     vary: 'Accept',
152 silly registry.get     'content-length': '0',
152 silly registry.get     'keep-alive': 'timeout=10, max=50',
152 silly registry.get     connection: 'Keep-Alive' } ]
153 verbose etag https://registry.npmjs.org/gulp-util from cache
154 http 304 https://registry.npmjs.org/gulp-rename
155 silly registry.get cb [ 304,
155 silly registry.get   { date: 'Tue, 27 Jan 2015 17:00:41 GMT',
155 silly registry.get     server: 'Apache',
155 silly registry.get     via: '1.1 varnish',
155 silly registry.get     'last-modified': 'Tue, 27 Jan 2015 17:00:14 GMT',
155 silly registry.get     'cache-control': 'max-age=60',
155 silly registry.get     etag: '"A74K1BT6222QOOITQTDDB5O0J"',
155 silly registry.get     age: '55',
155 silly registry.get     'x-served-by': 'cache-jfk1035-JFK',
155 silly registry.get     'x-cache': 'HIT',
155 silly registry.get     'x-cache-hits': '2',
155 silly registry.get     'x-timer': 'S1422378041.987967,VS0,VE0',
155 silly registry.get     vary: 'Accept',
155 silly registry.get     'content-length': '0',
155 silly registry.get     'keep-alive': 'timeout=10, max=50',
155 silly registry.get     connection: 'Keep-Alive' } ]
156 verbose etag https://registry.npmjs.org/gulp-rename from cache
157 silly addNameRange number 2 { name: 'gulp-minify-css',
157 silly addNameRange   range: '>=0.3.0-0 <0.4.0-0',
157 silly addNameRange   hasData: true }
158 silly addNameRange versions [ 'gulp-minify-css',
158 silly addNameRange   [ '0.0.1',
158 silly addNameRange     '0.1.0',
158 silly addNameRange     '0.2.0',
158 silly addNameRange     '0.3.0',
158 silly addNameRange     '0.3.1',
158 silly addNameRange     '0.3.2',
158 silly addNameRange     '0.3.3',
158 silly addNameRange     '0.3.4',
158 silly addNameRange     '0.3.5',
158 silly addNameRange     '0.3.6',
158 silly addNameRange     '0.3.7',
158 silly addNameRange     '0.3.8',
158 silly addNameRange     '0.3.9',
158 silly addNameRange     '0.3.10',
158 silly addNameRange     '0.3.11',
158 silly addNameRange     '0.3.12',
158 silly addNameRange     '0.3.13',
158 silly addNameRange     '0.4.0',
158 silly addNameRange     '0.4.1',
158 silly addNameRange     '0.4.2',
158 silly addNameRange     '0.4.3' ] ]
159 verbose addNamed [ 'gulp-minify-css', '0.3.13' ]
160 verbose addNamed [ '0.3.13', '0.3.13' ]
161 silly lockFile 9038a954-gulp-minify-css-0-3-13 gulp-minify-css@0.3.13
162 verbose lock gulp-minify-css@0.3.13 /Users/emilymacleod/.npm/9038a954-gulp-minify-css-0-3-13.lock
163 silly addNameRange number 2 { name: 'gulp-concat',
163 silly addNameRange   range: '>=2.2.0-0 <3.0.0-0',
163 silly addNameRange   hasData: true }
164 silly addNameRange versions [ 'gulp-concat',
164 silly addNameRange   [ '0.0.1',
164 silly addNameRange     '1.0.0',
164 silly addNameRange     '1.1.0',
164 silly addNameRange     '2.0.0',
164 silly addNameRange     '2.1.0',
164 silly addNameRange     '2.1.1',
164 silly addNameRange     '2.1.2',
164 silly addNameRange     '2.1.3',
164 silly addNameRange     '2.1.4',
164 silly addNameRange     '2.1.5',
164 silly addNameRange     '2.1.6',
164 silly addNameRange     '2.1.7',
164 silly addNameRange     '2.2.0',
164 silly addNameRange     '2.3.0',
164 silly addNameRange     '2.3.3',
164 silly addNameRange     '2.3.4',
164 silly addNameRange     '2.3.5',
164 silly addNameRange     '2.4.0',
164 silly addNameRange     '2.4.1',
164 silly addNameRange     '2.4.2',
164 silly addNameRange     '2.4.3' ] ]
165 verbose addNamed [ 'gulp-concat', '2.4.3' ]
166 verbose addNamed [ '2.4.3', '2.4.3' ]
167 silly lockFile 07935a45-gulp-concat-2-4-3 gulp-concat@2.4.3
168 verbose lock gulp-concat@2.4.3 /Users/emilymacleod/.npm/07935a45-gulp-concat-2-4-3.lock
169 silly addNameRange number 2 { name: 'gulp-util',
169 silly addNameRange   range: '>=2.2.14-0 <3.0.0-0',
169 silly addNameRange   hasData: true }
170 silly addNameRange versions [ 'gulp-util',
170 silly addNameRange   [ '0.0.1',
170 silly addNameRange     '1.0.0',
170 silly addNameRange     '1.1.0',
170 silly addNameRange     '1.1.1',
170 silly addNameRange     '1.2.0',
170 silly addNameRange     '1.3.0',
170 silly addNameRange     '2.0.0',
170 silly addNameRange     '2.1.1',
170 silly addNameRange     '2.1.2',
170 silly addNameRange     '2.1.3',
170 silly addNameRange     '2.1.4',
170 silly addNameRange     '2.2.0',
170 silly addNameRange     '2.2.1',
170 silly addNameRange     '2.2.2',
170 silly addNameRange     '2.2.3',
170 silly addNameRange     '2.2.5',
170 silly addNameRange     '2.2.6',
170 silly addNameRange     '2.2.7',
170 silly addNameRange     '2.2.8',
170 silly addNameRange     '2.2.9',
170 silly addNameRange     '2.2.10',
170 silly addNameRange     '2.2.11',
170 silly addNameRange     '2.2.12',
170 silly addNameRange     '2.2.13',
170 silly addNameRange     '2.2.14',
170 silly addNameRange     '2.2.15',
170 silly addNameRange     '2.2.16',
170 silly addNameRange     '2.2.17',
170 silly addNameRange     '2.2.18',
170 silly addNameRange     '2.2.19',
170 silly addNameRange     '2.2.20',
170 silly addNameRange     '3.0.0',
170 silly addNameRange     '3.0.1',
170 silly addNameRange     '3.0.2' ] ]
171 verbose addNamed [ 'gulp-util', '2.2.20' ]
172 verbose addNamed [ '2.2.20', '2.2.20' ]
173 silly lockFile 48c194cb-gulp-util-2-2-20 gulp-util@2.2.20
174 verbose lock gulp-util@2.2.20 /Users/emilymacleod/.npm/48c194cb-gulp-util-2-2-20.lock
175 silly addNameRange number 2 { name: 'gulp-rename',
175 silly addNameRange   range: '>=1.2.0-0 <2.0.0-0',
175 silly addNameRange   hasData: true }
176 silly addNameRange versions [ 'gulp-rename',
176 silly addNameRange   [ '0.1.0', '0.2.1', '0.2.2', '1.0.0', '1.1.0', '1.2.0' ] ]
177 verbose addNamed [ 'gulp-rename', '1.2.0' ]
178 verbose addNamed [ '1.2.0', '1.2.0' ]
179 silly lockFile 5981c611-gulp-rename-1-2-0 gulp-rename@1.2.0
180 verbose lock gulp-rename@1.2.0 /Users/emilymacleod/.npm/5981c611-gulp-rename-1-2-0.lock
181 silly lockFile 34166e88-g-gulp-util-gulp-util-2-2-20-tgz https://registry.npmjs.org/gulp-util/-/gulp-util-2.2.20.tgz
182 verbose lock https://registry.npmjs.org/gulp-util/-/gulp-util-2.2.20.tgz /Users/emilymacleod/.npm/34166e88-g-gulp-util-gulp-util-2-2-20-tgz.lock
183 verbose addRemoteTarball [ 'https://registry.npmjs.org/gulp-util/-/gulp-util-2.2.20.tgz',
183 verbose addRemoteTarball   'd7146e5728910bd8f047a6b0b1e549bc22dbd64c' ]
184 silly lockFile 9038a954-gulp-minify-css-0-3-13 gulp-minify-css@0.3.13
185 silly lockFile 9038a954-gulp-minify-css-0-3-13 gulp-minify-css@0.3.13
186 silly lockFile 97140670-gulp-minify-css-0-3-0 gulp-minify-css@^0.3.0
187 silly lockFile 97140670-gulp-minify-css-0-3-0 gulp-minify-css@^0.3.0
188 info retry fetch attempt 1 at 13:00:46
189 verbose fetch to= /var/folders/ny/594rz_qd6m97xcg5bhj11p0w0000gn/T/npm-24583-_zH3VpFm/registry.npmjs.org/gulp-util/-/gulp-util-2.2.20.tgz
190 silly lockFile 07935a45-gulp-concat-2-4-3 gulp-concat@2.4.3
191 silly lockFile 07935a45-gulp-concat-2-4-3 gulp-concat@2.4.3
192 http GET https://registry.npmjs.org/gulp-util/-/gulp-util-2.2.20.tgz
193 silly lockFile bade1119-gulp-concat-2-2-0 gulp-concat@^2.2.0
194 silly lockFile bade1119-gulp-concat-2-2-0 gulp-concat@^2.2.0
195 silly lockFile 5981c611-gulp-rename-1-2-0 gulp-rename@1.2.0
196 silly lockFile 5981c611-gulp-rename-1-2-0 gulp-rename@1.2.0
197 silly lockFile 31cef36d-gulp-rename-1-2-0 gulp-rename@^1.2.0
198 silly lockFile 31cef36d-gulp-rename-1-2-0 gulp-rename@^1.2.0
199 http 304 https://registry.npmjs.org/shelljs
200 silly registry.get cb [ 304,
200 silly registry.get   { date: 'Tue, 27 Jan 2015 17:00:42 GMT',
200 silly registry.get     server: 'Apache',
200 silly registry.get     via: '1.1 varnish',
200 silly registry.get     'last-modified': 'Tue, 27 Jan 2015 17:00:00 GMT',
200 silly registry.get     'cache-control': 'max-age=60',
200 silly registry.get     etag: '"3USLV7LWLZIN3QM2VB75RERYU"',
200 silly registry.get     age: '57',
200 silly registry.get     'x-served-by': 'cache-jfk1027-JFK',
200 silly registry.get     'x-cache': 'HIT',
200 silly registry.get     'x-cache-hits': '2',
200 silly registry.get     'x-timer': 'S1422378042.040331,VS0,VE0',
200 silly registry.get     vary: 'Accept',
200 silly registry.get     'content-length': '0',
200 silly registry.get     'keep-alive': 'timeout=10, max=49',
200 silly registry.get     connection: 'Keep-Alive' } ]
201 verbose etag https://registry.npmjs.org/shelljs from cache
202 http 304 https://registry.npmjs.org/bower
203 silly registry.get cb [ 304,
203 silly registry.get   { date: 'Tue, 27 Jan 2015 17:00:42 GMT',
203 silly registry.get     server: 'Apache',
203 silly registry.get     via: '1.1 varnish',
203 silly registry.get     'last-modified': 'Tue, 27 Jan 2015 17:00:42 GMT',
203 silly registry.get     'cache-control': 'max-age=60',
203 silly registry.get     etag: '"SFVEO1LEUVYUQ1HHU8BTQ3D8"',
203 silly registry.get     age: '17',
203 silly registry.get     'x-served-by': 'cache-jfk1029-JFK',
203 silly registry.get     'x-cache': 'HIT',
203 silly registry.get     'x-cache-hits': '1',
203 silly registry.get     'x-timer': 'S1422378042.040694,VS0,VE0',
203 silly registry.get     vary: 'Accept',
203 silly registry.get     'content-length': '0',
203 silly registry.get     'keep-alive': 'timeout=10, max=49',
203 silly registry.get     connection: 'Keep-Alive' } ]
204 verbose etag https://registry.npmjs.org/bower from cache
205 silly addNameRange number 2 { name: 'shelljs', range: '>=0.3.0-0 <0.4.0-0', hasData: true }
206 silly addNameRange versions [ 'shelljs',
206 silly addNameRange   [ '0.0.1',
206 silly addNameRange     '0.0.2',
206 silly addNameRange     '0.0.3',
206 silly addNameRange     '0.0.4',
206 silly addNameRange     '0.0.5',
206 silly addNameRange     '0.0.6',
206 silly addNameRange     '0.0.7',
206 silly addNameRange     '0.0.8',
206 silly addNameRange     '0.0.9',
206 silly addNameRange     '0.1.0',
206 silly addNameRange     '0.1.1',
206 silly addNameRange     '0.1.2',
206 silly addNameRange     '0.1.3',
206 silly addNameRange     '0.1.4',
206 silly addNameRange     '0.2.0',
206 silly addNameRange     '0.2.1',
206 silly addNameRange     '0.2.2',
206 silly addNameRange     '0.2.3',
206 silly addNameRange     '0.2.4',
206 silly addNameRange     '0.2.5',
206 silly addNameRange     '0.2.6',
206 silly addNameRange     '0.3.0',
206 silly addNameRange     '0.0.1-alpha1',
206 silly addNameRange     '0.0.2-pre1',
206 silly addNameRange     '0.0.4-pre1',
206 silly addNameRange     '0.0.5-pre1',
206 silly addNameRange     '0.0.5-pre2',
206 silly addNameRange     '0.0.5-pre3',
206 silly addNameRange     '0.0.5-pre4',
206 silly addNameRange     '0.0.6-pre1',
206 silly addNameRange     '0.0.6-pre2' ] ]
207 verbose addNamed [ 'shelljs', '0.3.0' ]
208 verbose addNamed [ '0.3.0', '0.3.0' ]
209 silly lockFile 7d3918b1-shelljs-0-3-0 shelljs@0.3.0
210 verbose lock shelljs@0.3.0 /Users/emilymacleod/.npm/7d3918b1-shelljs-0-3-0.lock
211 silly addNameRange number 2 { name: 'bower', range: '>=1.3.3-0 <2.0.0-0', hasData: true }
212 silly addNameRange versions [ 'bower',
212 silly addNameRange   [ '0.1.0',
212 silly addNameRange     '0.1.2',
212 silly addNameRange     '0.1.3',
212 silly addNameRange     '0.2.0',
212 silly addNameRange     '0.3.0',
212 silly addNameRange     '0.3.1',
212 silly addNameRange     '0.3.2',
212 silly addNameRange     '0.4.0',
212 silly addNameRange     '0.5.0',
212 silly addNameRange     '0.5.1',
212 silly addNameRange     '0.6.0',
212 silly addNameRange     '0.6.1',
212 silly addNameRange     '0.6.2',
212 silly addNameRange     '0.6.3',
212 silly addNameRange     '0.6.4',
212 silly addNameRange     '0.6.5',
212 silly addNameRange     '0.6.6',
212 silly addNameRange     '0.6.7',
212 silly addNameRange     '0.6.8',
212 silly addNameRange     '0.7.0',
212 silly addNameRange     '0.7.1',
212 silly addNameRange     '0.8.0',
212 silly addNameRange     '0.8.1',
212 silly addNameRange     '0.8.2',
212 silly addNameRange     '0.8.3',
212 silly addNameRange     '0.8.4',
212 silly addNameRange     '0.8.5',
212 silly addNameRange     '0.8.6',
212 silly addNameRange     '0.9.0',
212 silly addNameRange     '0.9.1',
212 silly addNameRange     '0.9.2',
212 silly addNameRange     '0.10.0',
212 silly addNameRange     '1.0.0',
212 silly addNameRange     '1.0.1',
212 silly addNameRange     '1.0.2',
212 silly addNameRange     '1.0.3',
212 silly addNameRange     '1.1.0',
212 silly addNameRange     '1.1.1',
212 silly addNameRange     '1.1.2',
212 silly addNameRange     '1.2.0',
212 silly addNameRange     '1.2.1',
212 silly addNameRange     '1.2.2',
212 silly addNameRange     '1.2.3',
212 silly addNameRange     '1.2.4',
212 silly addNameRange     '1.2.5',
212 silly addNameRange     '1.2.6',
212 silly addNameRange     '1.2.7',
212 silly addNameRange     '1.2.8',
212 silly addNameRange     '1.3.0',
212 silly addNameRange     '1.3.1',
212 silly addNameRange     '1.3.2',
212 silly addNameRange     '1.3.3',
212 silly addNameRange     '1.3.4',
212 silly addNameRange     '1.3.5',
212 silly addNameRange     '1.3.6',
212 silly addNameRange     '1.3.7',
212 silly addNameRange     '1.3.8',
212 silly addNameRange     '1.3.9',
212 silly addNameRange     '1.3.10',
212 silly addNameRange     '1.3.11',
212 silly addNameRange     '1.3.12' ] ]
213 verbose addNamed [ 'bower', '1.3.12' ]
214 verbose addNamed [ '1.3.12', '1.3.12' ]
215 silly lockFile 9819431c-bower-1-3-12 bower@1.3.12
216 verbose lock bower@1.3.12 /Users/emilymacleod/.npm/9819431c-bower-1-3-12.lock
217 silly lockFile 7d3918b1-shelljs-0-3-0 shelljs@0.3.0
218 silly lockFile 7d3918b1-shelljs-0-3-0 shelljs@0.3.0
219 silly lockFile 1ddaa962-shelljs-0-3-0 shelljs@^0.3.0
220 silly lockFile 1ddaa962-shelljs-0-3-0 shelljs@^0.3.0
221 silly lockFile 9819431c-bower-1-3-12 bower@1.3.12
222 silly lockFile 9819431c-bower-1-3-12 bower@1.3.12
223 silly lockFile 0aa5c27e-bower-1-3-3 bower@^1.3.3
224 silly lockFile 0aa5c27e-bower-1-3-3 bower@^1.3.3
225 http 304 https://registry.npmjs.org/gulp-sass
226 silly registry.get cb [ 304,
226 silly registry.get   { date: 'Tue, 27 Jan 2015 17:00:42 GMT',
226 silly registry.get     server: 'Apache',
226 silly registry.get     via: '1.1 varnish',
226 silly registry.get     'last-modified': 'Tue, 27 Jan 2015 17:00:42 GMT',
226 silly registry.get     'cache-control': 'max-age=60',
226 silly registry.get     etag: '"85MJGNKZGK0FPTLSD38G3AB7N"',
226 silly registry.get     age: '15',
226 silly registry.get     'x-served-by': 'cache-jfk1027-JFK',
226 silly registry.get     'x-cache': 'HIT',
226 silly registry.get     'x-cache-hits': '1',
226 silly registry.get     'x-timer': 'S1422378042.247439,VS0,VE0',
226 silly registry.get     vary: 'Accept',
226 silly registry.get     'content-length': '0',
226 silly registry.get     'keep-alive': 'timeout=10, max=50',
226 silly registry.get     connection: 'Keep-Alive' } ]
227 verbose etag https://registry.npmjs.org/gulp-sass from cache
228 silly addNameRange number 2 { name: 'gulp-sass', range: '>=0.7.1-0 <0.8.0-0', hasData: true }
229 silly addNameRange versions [ 'gulp-sass',
229 silly addNameRange   [ '0.1.0',
229 silly addNameRange     '0.2.1',
229 silly addNameRange     '0.2.2',
229 silly addNameRange     '0.2.3',
229 silly addNameRange     '0.3.0',
229 silly addNameRange     '0.4.0',
229 silly addNameRange     '0.4.1',
229 silly addNameRange     '0.5.0',
229 silly addNameRange     '0.5.1',
229 silly addNameRange     '0.5.2',
229 silly addNameRange     '0.6.0',
229 silly addNameRange     '0.7.0',
229 silly addNameRange     '0.7.1',
229 silly addNameRange     '0.7.2',
229 silly addNameRange     '0.7.3',
229 silly addNameRange     '1.0.0',
229 silly addNameRange     '1.1.0',
229 silly addNameRange     '1.2.0',
229 silly addNameRange     '1.2.1',
229 silly addNameRange     '1.2.2',
229 silly addNameRange     '1.2.3',
229 silly addNameRange     '1.2.4',
229 silly addNameRange     '1.3.0',
229 silly addNameRange     '1.3.1',
229 silly addNameRange     '1.3.2' ] ]
230 verbose addNamed [ 'gulp-sass', '0.7.3' ]
231 verbose addNamed [ '0.7.3', '0.7.3' ]
232 silly lockFile 721f0c96-gulp-sass-0-7-3 gulp-sass@0.7.3
233 verbose lock gulp-sass@0.7.3 /Users/emilymacleod/.npm/721f0c96-gulp-sass-0-7-3.lock
234 silly lockFile 721f0c96-gulp-sass-0-7-3 gulp-sass@0.7.3
235 silly lockFile 721f0c96-gulp-sass-0-7-3 gulp-sass@0.7.3
236 silly lockFile 77100620-gulp-sass-0-7-1 gulp-sass@^0.7.1
237 silly lockFile 77100620-gulp-sass-0-7-1 gulp-sass@^0.7.1
238 http 200 https://registry.npmjs.org/gulp-util/-/gulp-util-2.2.20.tgz
239 silly lockFile 34166e88-g-gulp-util-gulp-util-2-2-20-tgz https://registry.npmjs.org/gulp-util/-/gulp-util-2.2.20.tgz
240 silly lockFile 34166e88-g-gulp-util-gulp-util-2-2-20-tgz https://registry.npmjs.org/gulp-util/-/gulp-util-2.2.20.tgz
241 silly lockFile 48c194cb-gulp-util-2-2-20 gulp-util@2.2.20
242 silly lockFile 48c194cb-gulp-util-2-2-20 gulp-util@2.2.20
243 silly lockFile e3e5f16b-gulp-util-2-2-14 gulp-util@^2.2.14
244 silly lockFile e3e5f16b-gulp-util-2-2-14 gulp-util@^2.2.14
245 error Error: EACCES, mkdir '/Users/emilymacleod/.npm/gulp-util/2.2.20'
245 error  { [Error: EACCES, mkdir '/Users/emilymacleod/.npm/gulp-util/2.2.20']
245 error   errno: 3,
245 error   code: 'EACCES',
245 error   path: '/Users/emilymacleod/.npm/gulp-util/2.2.20',
245 error   parent: 'myapp' }
246 error Please try running this command again as root/Administrator.
247 error System Darwin 14.0.0
248 error command "node" "/usr/local/bin/npm" "install"
249 error cwd /Users/emilymacleod/Desktop/myApp
250 error node -v v0.10.32
251 error npm -v 1.4.28
252 error path /Users/emilymacleod/.npm/gulp-util/2.2.20
253 error code EACCES
254 error errno 3
255 error stack Error: EACCES, mkdir '/Users/emilymacleod/.npm/gulp-util/2.2.20'
256 verbose exit [ 3, true ]
